Running in wrapper mode for '1'

Running python job.

spear_wrapper job #:1
spear_wrapper in directory: /home/jie/d2/github/common_ml_libs/spearmint/spearmint/hyperopt_experiment
spear_wrapper params are:{u'lr': array([ 0.055]), u'nep': array([550])}
WARNING:neon.util.persist:deserializing object from:  /home/jie/d2/github/common_ml_libs/spearmint/spearmint/hyperopt_experiment/yamels/temp1440501952.yaml
INFO:neon.layers.layer:Setting layer dtype to<type 'numpy.float32'>
INFO:neon.layers.layer:Setting layer dtype to<type 'numpy.float32'>
INFO:neon.layers.layer:Setting layer dtype to<type 'numpy.float32'>
INFO:neon.transforms.cost:Setting dtype to<type 'numpy.float32'>
INFO:neon.layers.layer:Setting layer dtype to<type 'numpy.float32'>
INFO:neon.backends.cpu:Seeding random number generator with: None
INFO:neon.backends:CPU backend, RNG seed: None, numerr: None
INFO:neon.models.mlp:Layers:
	DataLayer d0: 4 nodes
	FCLayer h0: 4 inputs, 2 nodes, Logistic act_fn
	FCLayer output: 2 inputs, 3 nodes, Logistic act_fn
	CostLayer cost: 3 nodes, CrossEntropy cost_fn

INFO:neon.params.val_init:Generating UniformValGen values of shape (2, 4)
INFO:neon.params.val_init:Generating UniformValGen values of shape (3, 2)
INFO:neon.datasets.iris:loading: train data
INFO:neon.datasets.iris:loading: validation data
INFO:neon.datasets.iris:loading: test data
INFO:neon.models.mlp:commencing model fitting
INFO:neon.models.mlp:epoch: 1, training error: 2.06253
INFO:neon.models.mlp:epoch: 2, training error: 2.03897
INFO:neon.models.mlp:epoch: 3, training error: 2.01725
INFO:neon.models.mlp:epoch: 4, training error: 1.99727
INFO:neon.models.mlp:epoch: 5, training error: 1.97888
INFO:neon.models.mlp:epoch: 6, training error: 1.96193
INFO:neon.models.mlp:epoch: 7, training error: 1.94628
INFO:neon.models.mlp:epoch: 8, training error: 1.93180
INFO:neon.models.mlp:epoch: 9, training error: 1.91835
INFO:neon.models.mlp:epoch: 10, training error: 1.90583
INFO:neon.models.mlp:epoch: 11, training error: 1.89413
INFO:neon.models.mlp:epoch: 12, training error: 1.88316
INFO:neon.models.mlp:epoch: 13, training error: 1.87285
INFO:neon.models.mlp:epoch: 14, training error: 1.86310
INFO:neon.models.mlp:epoch: 15, training error: 1.85386
INFO:neon.models.mlp:epoch: 16, training error: 1.84507
INFO:neon.models.mlp:epoch: 17, training error: 1.83667
INFO:neon.models.mlp:epoch: 18, training error: 1.82862
INFO:neon.models.mlp:epoch: 19, training error: 1.82086
INFO:neon.models.mlp:epoch: 20, training error: 1.81337
INFO:neon.models.mlp:epoch: 21, training error: 1.80610
INFO:neon.models.mlp:epoch: 22, training error: 1.79903
INFO:neon.models.mlp:epoch: 23, training error: 1.79213
INFO:neon.models.mlp:epoch: 24, training error: 1.78538
INFO:neon.models.mlp:epoch: 25, training error: 1.77875
INFO:neon.models.mlp:epoch: 26, training error: 1.77223
INFO:neon.models.mlp:epoch: 27, training error: 1.76581
INFO:neon.models.mlp:epoch: 28, training error: 1.75946
INFO:neon.models.mlp:epoch: 29, training error: 1.75318
INFO:neon.models.mlp:epoch: 30, training error: 1.74695
INFO:neon.models.mlp:epoch: 31, training error: 1.74078
INFO:neon.models.mlp:epoch: 32, training error: 1.73464
INFO:neon.models.mlp:epoch: 33, training error: 1.72854
INFO:neon.models.mlp:epoch: 34, training error: 1.72247
INFO:neon.models.mlp:epoch: 35, training error: 1.71642
INFO:neon.models.mlp:epoch: 36, training error: 1.71040
INFO:neon.models.mlp:epoch: 37, training error: 1.70438
INFO:neon.models.mlp:epoch: 38, training error: 1.69838
INFO:neon.models.mlp:epoch: 39, training error: 1.69239
INFO:neon.models.mlp:epoch: 40, training error: 1.68641
INFO:neon.models.mlp:epoch: 41, training error: 1.68043
INFO:neon.models.mlp:epoch: 42, training error: 1.67445
INFO:neon.models.mlp:epoch: 43, training error: 1.66847
INFO:neon.models.mlp:epoch: 44, training error: 1.66248
INFO:neon.models.mlp:epoch: 45, training error: 1.65650
INFO:neon.models.mlp:epoch: 46, training error: 1.65050
INFO:neon.models.mlp:epoch: 47, training error: 1.64450
INFO:neon.models.mlp:epoch: 48, training error: 1.63849
INFO:neon.models.mlp:epoch: 49, training error: 1.63247
INFO:neon.models.mlp:epoch: 50, training error: 1.62644
INFO:neon.models.mlp:epoch: 51, training error: 1.62040
INFO:neon.models.mlp:epoch: 52, training error: 1.61434
INFO:neon.models.mlp:epoch: 53, training error: 1.60827
INFO:neon.models.mlp:epoch: 54, training error: 1.60219
INFO:neon.models.mlp:epoch: 55, training error: 1.59610
INFO:neon.models.mlp:epoch: 56, training error: 1.59000
INFO:neon.models.mlp:epoch: 57, training error: 1.58388
INFO:neon.models.mlp:epoch: 58, training error: 1.57775
INFO:neon.models.mlp:epoch: 59, training error: 1.57162
INFO:neon.models.mlp:epoch: 60, training error: 1.56548
INFO:neon.models.mlp:epoch: 61, training error: 1.55933
INFO:neon.models.mlp:epoch: 62, training error: 1.55317
INFO:neon.models.mlp:epoch: 63, training error: 1.54702
INFO:neon.models.mlp:epoch: 64, training error: 1.54086
INFO:neon.models.mlp:epoch: 65, training error: 1.53471
INFO:neon.models.mlp:epoch: 66, training error: 1.52856
INFO:neon.models.mlp:epoch: 67, training error: 1.52242
INFO:neon.models.mlp:epoch: 68, training error: 1.51628
INFO:neon.models.mlp:epoch: 69, training error: 1.51016
INFO:neon.models.mlp:epoch: 70, training error: 1.50405
INFO:neon.models.mlp:epoch: 71, training error: 1.49796
INFO:neon.models.mlp:epoch: 72, training error: 1.49190
INFO:neon.models.mlp:epoch: 73, training error: 1.48585
INFO:neon.models.mlp:epoch: 74, training error: 1.47983
INFO:neon.models.mlp:epoch: 75, training error: 1.47384
INFO:neon.models.mlp:epoch: 76, training error: 1.46788
INFO:neon.models.mlp:epoch: 77, training error: 1.46195
INFO:neon.models.mlp:epoch: 78, training error: 1.45606
INFO:neon.models.mlp:epoch: 79, training error: 1.45021
INFO:neon.models.mlp:epoch: 80, training error: 1.44440
INFO:neon.models.mlp:epoch: 81, training error: 1.43863
INFO:neon.models.mlp:epoch: 82, training error: 1.43291
INFO:neon.models.mlp:epoch: 83, training error: 1.42723
INFO:neon.models.mlp:epoch: 84, training error: 1.42161
INFO:neon.models.mlp:epoch: 85, training error: 1.41604
INFO:neon.models.mlp:epoch: 86, training error: 1.41052
INFO:neon.models.mlp:epoch: 87, training error: 1.40505
INFO:neon.models.mlp:epoch: 88, training error: 1.39964
INFO:neon.models.mlp:epoch: 89, training error: 1.39429
INFO:neon.models.mlp:epoch: 90, training error: 1.38900
INFO:neon.models.mlp:epoch: 91, training error: 1.38376
INFO:neon.models.mlp:epoch: 92, training error: 1.37859
INFO:neon.models.mlp:epoch: 93, training error: 1.37348
INFO:neon.models.mlp:epoch: 94, training error: 1.36843
INFO:neon.models.mlp:epoch: 95, training error: 1.36344
INFO:neon.models.mlp:epoch: 96, training error: 1.35852
INFO:neon.models.mlp:epoch: 97, training error: 1.35366
INFO:neon.models.mlp:epoch: 98, training error: 1.34886
INFO:neon.models.mlp:epoch: 99, training error: 1.34413
INFO:neon.models.mlp:epoch: 100, training error: 1.33946
INFO:neon.models.mlp:epoch: 101, training error: 1.33486
INFO:neon.models.mlp:epoch: 102, training error: 1.33032
INFO:neon.models.mlp:epoch: 103, training error: 1.32585
INFO:neon.models.mlp:epoch: 104, training error: 1.32143
INFO:neon.models.mlp:epoch: 105, training error: 1.31709
INFO:neon.models.mlp:epoch: 106, training error: 1.31280
INFO:neon.models.mlp:epoch: 107, training error: 1.30858
INFO:neon.models.mlp:epoch: 108, training error: 1.30442
INFO:neon.models.mlp:epoch: 109, training error: 1.30032
INFO:neon.models.mlp:epoch: 110, training error: 1.29628
INFO:neon.models.mlp:epoch: 111, training error: 1.29231
INFO:neon.models.mlp:epoch: 112, training error: 1.28839
INFO:neon.models.mlp:epoch: 113, training error: 1.28454
INFO:neon.models.mlp:epoch: 114, training error: 1.28074
INFO:neon.models.mlp:epoch: 115, training error: 1.27700
INFO:neon.models.mlp:epoch: 116, training error: 1.27332
INFO:neon.models.mlp:epoch: 117, training error: 1.26969
INFO:neon.models.mlp:epoch: 118, training error: 1.26612
INFO:neon.models.mlp:epoch: 119, training error: 1.26261
INFO:neon.models.mlp:epoch: 120, training error: 1.25915
INFO:neon.models.mlp:epoch: 121, training error: 1.25574
INFO:neon.models.mlp:epoch: 122, training error: 1.25239
INFO:neon.models.mlp:epoch: 123, training error: 1.24908
INFO:neon.models.mlp:epoch: 124, training error: 1.24583
INFO:neon.models.mlp:epoch: 125, training error: 1.24263
INFO:neon.models.mlp:epoch: 126, training error: 1.23948
INFO:neon.models.mlp:epoch: 127, training error: 1.23638
INFO:neon.models.mlp:epoch: 128, training error: 1.23333
INFO:neon.models.mlp:epoch: 129, training error: 1.23032
INFO:neon.models.mlp:epoch: 130, training error: 1.22736
INFO:neon.models.mlp:epoch: 131, training error: 1.22444
INFO:neon.models.mlp:epoch: 132, training error: 1.22157
INFO:neon.models.mlp:epoch: 133, training error: 1.21875
INFO:neon.models.mlp:epoch: 134, training error: 1.21596
INFO:neon.models.mlp:epoch: 135, training error: 1.21322
INFO:neon.models.mlp:epoch: 136, training error: 1.21053
INFO:neon.models.mlp:epoch: 137, training error: 1.20787
INFO:neon.models.mlp:epoch: 138, training error: 1.20525
INFO:neon.models.mlp:epoch: 139, training error: 1.20267
INFO:neon.models.mlp:epoch: 140, training error: 1.20013
INFO:neon.models.mlp:epoch: 141, training error: 1.19763
INFO:neon.models.mlp:epoch: 142, training error: 1.19517
INFO:neon.models.mlp:epoch: 143, training error: 1.19274
INFO:neon.models.mlp:epoch: 144, training error: 1.19035
INFO:neon.models.mlp:epoch: 145, training error: 1.18800
INFO:neon.models.mlp:epoch: 146, training error: 1.18568
INFO:neon.models.mlp:epoch: 147, training error: 1.18339
INFO:neon.models.mlp:epoch: 148, training error: 1.18114
INFO:neon.models.mlp:epoch: 149, training error: 1.17892
INFO:neon.models.mlp:epoch: 150, training error: 1.17673
INFO:neon.models.mlp:epoch: 151, training error: 1.17457
INFO:neon.models.mlp:epoch: 152, training error: 1.17245
INFO:neon.models.mlp:epoch: 153, training error: 1.17035
INFO:neon.models.mlp:epoch: 154, training error: 1.16829
INFO:neon.models.mlp:epoch: 155, training error: 1.16625
INFO:neon.models.mlp:epoch: 156, training error: 1.16424
INFO:neon.models.mlp:epoch: 157, training error: 1.16226
INFO:neon.models.mlp:epoch: 158, training error: 1.16031
INFO:neon.models.mlp:epoch: 159, training error: 1.15839
INFO:neon.models.mlp:epoch: 160, training error: 1.15649
INFO:neon.models.mlp:epoch: 161, training error: 1.15462
INFO:neon.models.mlp:epoch: 162, training error: 1.15278
INFO:neon.models.mlp:epoch: 163, training error: 1.15096
INFO:neon.models.mlp:epoch: 164, training error: 1.14916
INFO:neon.models.mlp:epoch: 165, training error: 1.14739
INFO:neon.models.mlp:epoch: 166, training error: 1.14564
INFO:neon.models.mlp:epoch: 167, training error: 1.14392
INFO:neon.models.mlp:epoch: 168, training error: 1.14222
INFO:neon.models.mlp:epoch: 169, training error: 1.14054
INFO:neon.models.mlp:epoch: 170, training error: 1.13888
INFO:neon.models.mlp:epoch: 171, training error: 1.13725
INFO:neon.models.mlp:epoch: 172, training error: 1.13563
INFO:neon.models.mlp:epoch: 173, training error: 1.13404
INFO:neon.models.mlp:epoch: 174, training error: 1.13247
INFO:neon.models.mlp:epoch: 175, training error: 1.13091
INFO:neon.models.mlp:epoch: 176, training error: 1.12938
INFO:neon.models.mlp:epoch: 177, training error: 1.12787
INFO:neon.models.mlp:epoch: 178, training error: 1.12638
INFO:neon.models.mlp:epoch: 179, training error: 1.12490
INFO:neon.models.mlp:epoch: 180, training error: 1.12344
INFO:neon.models.mlp:epoch: 181, training error: 1.12200
INFO:neon.models.mlp:epoch: 182, training error: 1.12058
INFO:neon.models.mlp:epoch: 183, training error: 1.11918
INFO:neon.models.mlp:epoch: 184, training error: 1.11779
INFO:neon.models.mlp:epoch: 185, training error: 1.11642
INFO:neon.models.mlp:epoch: 186, training error: 1.11507
INFO:neon.models.mlp:epoch: 187, training error: 1.11373
INFO:neon.models.mlp:epoch: 188, training error: 1.11241
INFO:neon.models.mlp:epoch: 189, training error: 1.11110
INFO:neon.models.mlp:epoch: 190, training error: 1.10981
INFO:neon.models.mlp:epoch: 191, training error: 1.10853
INFO:neon.models.mlp:epoch: 192, training error: 1.10727
INFO:neon.models.mlp:epoch: 193, training error: 1.10602
INFO:neon.models.mlp:epoch: 194, training error: 1.10479
INFO:neon.models.mlp:epoch: 195, training error: 1.10357
INFO:neon.models.mlp:epoch: 196, training error: 1.10237
INFO:neon.models.mlp:epoch: 197, training error: 1.10117
INFO:neon.models.mlp:epoch: 198, training error: 1.09999
INFO:neon.models.mlp:epoch: 199, training error: 1.09883
INFO:neon.models.mlp:epoch: 200, training error: 1.09767
INFO:neon.models.mlp:epoch: 201, training error: 1.09653
INFO:neon.models.mlp:epoch: 202, training error: 1.09541
INFO:neon.models.mlp:epoch: 203, training error: 1.09429
INFO:neon.models.mlp:epoch: 204, training error: 1.09318
INFO:neon.models.mlp:epoch: 205, training error: 1.09209
INFO:neon.models.mlp:epoch: 206, training error: 1.09101
INFO:neon.models.mlp:epoch: 207, training error: 1.08994
INFO:neon.models.mlp:epoch: 208, training error: 1.08888
INFO:neon.models.mlp:epoch: 209, training error: 1.08783
INFO:neon.models.mlp:epoch: 210, training error: 1.08679
INFO:neon.models.mlp:epoch: 211, training error: 1.08577
INFO:neon.models.mlp:epoch: 212, training error: 1.08475
INFO:neon.models.mlp:epoch: 213, training error: 1.08374
INFO:neon.models.mlp:epoch: 214, training error: 1.08274
INFO:neon.models.mlp:epoch: 215, training error: 1.08176
INFO:neon.models.mlp:epoch: 216, training error: 1.08078
INFO:neon.models.mlp:epoch: 217, training error: 1.07981
INFO:neon.models.mlp:epoch: 218, training error: 1.07885
INFO:neon.models.mlp:epoch: 219, training error: 1.07790
INFO:neon.models.mlp:epoch: 220, training error: 1.07696
INFO:neon.models.mlp:epoch: 221, training error: 1.07603
INFO:neon.models.mlp:epoch: 222, training error: 1.07510
INFO:neon.models.mlp:epoch: 223, training error: 1.07419
INFO:neon.models.mlp:epoch: 224, training error: 1.07328
INFO:neon.models.mlp:epoch: 225, training error: 1.07238
INFO:neon.models.mlp:epoch: 226, training error: 1.07149
INFO:neon.models.mlp:epoch: 227, training error: 1.07060
INFO:neon.models.mlp:epoch: 228, training error: 1.06973
INFO:neon.models.mlp:epoch: 229, training error: 1.06886
INFO:neon.models.mlp:epoch: 230, training error: 1.06800
INFO:neon.models.mlp:epoch: 231, training error: 1.06715
INFO:neon.models.mlp:epoch: 232, training error: 1.06630
INFO:neon.models.mlp:epoch: 233, training error: 1.06546
INFO:neon.models.mlp:epoch: 234, training error: 1.06463
INFO:neon.models.mlp:epoch: 235, training error: 1.06380
INFO:neon.models.mlp:epoch: 236, training error: 1.06298
INFO:neon.models.mlp:epoch: 237, training error: 1.06217
INFO:neon.models.mlp:epoch: 238, training error: 1.06137
INFO:neon.models.mlp:epoch: 239, training error: 1.06057
INFO:neon.models.mlp:epoch: 240, training error: 1.05977
INFO:neon.models.mlp:epoch: 241, training error: 1.05899
INFO:neon.models.mlp:epoch: 242, training error: 1.05820
INFO:neon.models.mlp:epoch: 243, training error: 1.05743
INFO:neon.models.mlp:epoch: 244, training error: 1.05666
INFO:neon.models.mlp:epoch: 245, training error: 1.05590
INFO:neon.models.mlp:epoch: 246, training error: 1.05514
INFO:neon.models.mlp:epoch: 247, training error: 1.05439
INFO:neon.models.mlp:epoch: 248, training error: 1.05364
INFO:neon.models.mlp:epoch: 249, training error: 1.05290
INFO:neon.models.mlp:epoch: 250, training error: 1.05216
INFO:neon.models.mlp:epoch: 251, training error: 1.05143
INFO:neon.models.mlp:epoch: 252, training error: 1.05070
INFO:neon.models.mlp:epoch: 253, training error: 1.04998
INFO:neon.models.mlp:epoch: 254, training error: 1.04926
INFO:neon.models.mlp:epoch: 255, training error: 1.04855
INFO:neon.models.mlp:epoch: 256, training error: 1.04784
INFO:neon.models.mlp:epoch: 257, training error: 1.04714
INFO:neon.models.mlp:epoch: 258, training error: 1.04644
INFO:neon.models.mlp:epoch: 259, training error: 1.04575
INFO:neon.models.mlp:epoch: 260, training error: 1.04506
INFO:neon.models.mlp:epoch: 261, training error: 1.04437
INFO:neon.models.mlp:epoch: 262, training error: 1.04369
INFO:neon.models.mlp:epoch: 263, training error: 1.04302
INFO:neon.models.mlp:epoch: 264, training error: 1.04234
INFO:neon.models.mlp:epoch: 265, training error: 1.04168
INFO:neon.models.mlp:epoch: 266, training error: 1.04101
INFO:neon.models.mlp:epoch: 267, training error: 1.04035
INFO:neon.models.mlp:epoch: 268, training error: 1.03969
INFO:neon.models.mlp:epoch: 269, training error: 1.03904
INFO:neon.models.mlp:epoch: 270, training error: 1.03839
INFO:neon.models.mlp:epoch: 271, training error: 1.03774
INFO:neon.models.mlp:epoch: 272, training error: 1.03710
INFO:neon.models.mlp:epoch: 273, training error: 1.03646
INFO:neon.models.mlp:epoch: 274, training error: 1.03582
INFO:neon.models.mlp:epoch: 275, training error: 1.03519
INFO:neon.models.mlp:epoch: 276, training error: 1.03456
INFO:neon.models.mlp:epoch: 277, training error: 1.03394
INFO:neon.models.mlp:epoch: 278, training error: 1.03331
INFO:neon.models.mlp:epoch: 279, training error: 1.03269
INFO:neon.models.mlp:epoch: 280, training error: 1.03208
INFO:neon.models.mlp:epoch: 281, training error: 1.03146
INFO:neon.models.mlp:epoch: 282, training error: 1.03085
INFO:neon.models.mlp:epoch: 283, training error: 1.03024
INFO:neon.models.mlp:epoch: 284, training error: 1.02964
INFO:neon.models.mlp:epoch: 285, training error: 1.02903
INFO:neon.models.mlp:epoch: 286, training error: 1.02843
INFO:neon.models.mlp:epoch: 287, training error: 1.02784
INFO:neon.models.mlp:epoch: 288, training error: 1.02724
INFO:neon.models.mlp:epoch: 289, training error: 1.02665
INFO:neon.models.mlp:epoch: 290, training error: 1.02606
INFO:neon.models.mlp:epoch: 291, training error: 1.02547
INFO:neon.models.mlp:epoch: 292, training error: 1.02489
INFO:neon.models.mlp:epoch: 293, training error: 1.02431
INFO:neon.models.mlp:epoch: 294, training error: 1.02373
INFO:neon.models.mlp:epoch: 295, training error: 1.02315
INFO:neon.models.mlp:epoch: 296, training error: 1.02257
INFO:neon.models.mlp:epoch: 297, training error: 1.02200
INFO:neon.models.mlp:epoch: 298, training error: 1.02143
INFO:neon.models.mlp:epoch: 299, training error: 1.02086
INFO:neon.models.mlp:epoch: 300, training error: 1.02029
INFO:neon.models.mlp:epoch: 301, training error: 1.01973
INFO:neon.models.mlp:epoch: 302, training error: 1.01916
INFO:neon.models.mlp:epoch: 303, training error: 1.01860
INFO:neon.models.mlp:epoch: 304, training error: 1.01804
INFO:neon.models.mlp:epoch: 305, training error: 1.01749
INFO:neon.models.mlp:epoch: 306, training error: 1.01693
INFO:neon.models.mlp:epoch: 307, training error: 1.01638
INFO:neon.models.mlp:epoch: 308, training error: 1.01583
INFO:neon.models.mlp:epoch: 309, training error: 1.01528
INFO:neon.models.mlp:epoch: 310, training error: 1.01473
INFO:neon.models.mlp:epoch: 311, training error: 1.01418
INFO:neon.models.mlp:epoch: 312, training error: 1.01364
INFO:neon.models.mlp:epoch: 313, training error: 1.01309
INFO:neon.models.mlp:epoch: 314, training error: 1.01255
INFO:neon.models.mlp:epoch: 315, training error: 1.01201
INFO:neon.models.mlp:epoch: 316, training error: 1.01147
INFO:neon.models.mlp:epoch: 317, training error: 1.01094
INFO:neon.models.mlp:epoch: 318, training error: 1.01040
INFO:neon.models.mlp:epoch: 319, training error: 1.00987
INFO:neon.models.mlp:epoch: 320, training error: 1.00933
INFO:neon.models.mlp:epoch: 321, training error: 1.00880
INFO:neon.models.mlp:epoch: 322, training error: 1.00827
INFO:neon.models.mlp:epoch: 323, training error: 1.00774
INFO:neon.models.mlp:epoch: 324, training error: 1.00722
INFO:neon.models.mlp:epoch: 325, training error: 1.00669
INFO:neon.models.mlp:epoch: 326, training error: 1.00617
INFO:neon.models.mlp:epoch: 327, training error: 1.00564
INFO:neon.models.mlp:epoch: 328, training error: 1.00512
INFO:neon.models.mlp:epoch: 329, training error: 1.00460
INFO:neon.models.mlp:epoch: 330, training error: 1.00408
INFO:neon.models.mlp:epoch: 331, training error: 1.00356
INFO:neon.models.mlp:epoch: 332, training error: 1.00304
INFO:neon.models.mlp:epoch: 333, training error: 1.00252
INFO:neon.models.mlp:epoch: 334, training error: 1.00201
INFO:neon.models.mlp:epoch: 335, training error: 1.00149
INFO:neon.models.mlp:epoch: 336, training error: 1.00098
INFO:neon.models.mlp:epoch: 337, training error: 1.00047
INFO:neon.models.mlp:epoch: 338, training error: 0.99996
INFO:neon.models.mlp:epoch: 339, training error: 0.99945
INFO:neon.models.mlp:epoch: 340, training error: 0.99893
INFO:neon.models.mlp:epoch: 341, training error: 0.99843
INFO:neon.models.mlp:epoch: 342, training error: 0.99792
INFO:neon.models.mlp:epoch: 343, training error: 0.99741
INFO:neon.models.mlp:epoch: 344, training error: 0.99690
INFO:neon.models.mlp:epoch: 345, training error: 0.99640
INFO:neon.models.mlp:epoch: 346, training error: 0.99589
INFO:neon.models.mlp:epoch: 347, training error: 0.99539
INFO:neon.models.mlp:epoch: 348, training error: 0.99488
INFO:neon.models.mlp:epoch: 349, training error: 0.99438
INFO:neon.models.mlp:epoch: 350, training error: 0.99388
INFO:neon.models.mlp:epoch: 351, training error: 0.99338
INFO:neon.models.mlp:epoch: 352, training error: 0.99288
INFO:neon.models.mlp:epoch: 353, training error: 0.99238
INFO:neon.models.mlp:epoch: 354, training error: 0.99188
INFO:neon.models.mlp:epoch: 355, training error: 0.99138
INFO:neon.models.mlp:epoch: 356, training error: 0.99088
INFO:neon.models.mlp:epoch: 357, training error: 0.99038
INFO:neon.models.mlp:epoch: 358, training error: 0.98988
INFO:neon.models.mlp:epoch: 359, training error: 0.98939
INFO:neon.models.mlp:epoch: 360, training error: 0.98889
INFO:neon.models.mlp:epoch: 361, training error: 0.98839
INFO:neon.models.mlp:epoch: 362, training error: 0.98790
INFO:neon.models.mlp:epoch: 363, training error: 0.98740
INFO:neon.models.mlp:epoch: 364, training error: 0.98691
INFO:neon.models.mlp:epoch: 365, training error: 0.98641
INFO:neon.models.mlp:epoch: 366, training error: 0.98592
INFO:neon.models.mlp:epoch: 367, training error: 0.98543
INFO:neon.models.mlp:epoch: 368, training error: 0.98493
INFO:neon.models.mlp:epoch: 369, training error: 0.98444
INFO:neon.models.mlp:epoch: 370, training error: 0.98395
INFO:neon.models.mlp:epoch: 371, training error: 0.98346
INFO:neon.models.mlp:epoch: 372, training error: 0.98296
INFO:neon.models.mlp:epoch: 373, training error: 0.98247
INFO:neon.models.mlp:epoch: 374, training error: 0.98198
INFO:neon.models.mlp:epoch: 375, training error: 0.98149
INFO:neon.models.mlp:epoch: 376, training error: 0.98100
INFO:neon.models.mlp:epoch: 377, training error: 0.98051
INFO:neon.models.mlp:epoch: 378, training error: 0.98002
INFO:neon.models.mlp:epoch: 379, training error: 0.97953
INFO:neon.models.mlp:epoch: 380, training error: 0.97904
INFO:neon.models.mlp:epoch: 381, training error: 0.97855
INFO:neon.models.mlp:epoch: 382, training error: 0.97806
INFO:neon.models.mlp:epoch: 383, training error: 0.97756
INFO:neon.models.mlp:epoch: 384, training error: 0.97707
INFO:neon.models.mlp:epoch: 385, training error: 0.97658
INFO:neon.models.mlp:epoch: 386, training error: 0.97609
INFO:neon.models.mlp:epoch: 387, training error: 0.97560
INFO:neon.models.mlp:epoch: 388, training error: 0.97512
INFO:neon.models.mlp:epoch: 389, training error: 0.97463
INFO:neon.models.mlp:epoch: 390, training error: 0.97413
INFO:neon.models.mlp:epoch: 391, training error: 0.97365
INFO:neon.models.mlp:epoch: 392, training error: 0.97315
INFO:neon.models.mlp:epoch: 393, training error: 0.97266
INFO:neon.models.mlp:epoch: 394, training error: 0.97217
INFO:neon.models.mlp:epoch: 395, training error: 0.97168
INFO:neon.models.mlp:epoch: 396, training error: 0.97119
INFO:neon.models.mlp:epoch: 397, training error: 0.97070
INFO:neon.models.mlp:epoch: 398, training error: 0.97021
INFO:neon.models.mlp:epoch: 399, training error: 0.96972
INFO:neon.models.mlp:epoch: 400, training error: 0.96923
INFO:neon.models.mlp:epoch: 401, training error: 0.96874
INFO:neon.models.mlp:epoch: 402, training error: 0.96825
INFO:neon.models.mlp:epoch: 403, training error: 0.96776
INFO:neon.models.mlp:epoch: 404, training error: 0.96726
INFO:neon.models.mlp:epoch: 405, training error: 0.96677
INFO:neon.models.mlp:epoch: 406, training error: 0.96628
INFO:neon.models.mlp:epoch: 407, training error: 0.96579
INFO:neon.models.mlp:epoch: 408, training error: 0.96529
INFO:neon.models.mlp:epoch: 409, training error: 0.96480
INFO:neon.models.mlp:epoch: 410, training error: 0.96430
INFO:neon.models.mlp:epoch: 411, training error: 0.96381
INFO:neon.models.mlp:epoch: 412, training error: 0.96332
INFO:neon.models.mlp:epoch: 413, training error: 0.96282
INFO:neon.models.mlp:epoch: 414, training error: 0.96232
INFO:neon.models.mlp:epoch: 415, training error: 0.96183
INFO:neon.models.mlp:epoch: 416, training error: 0.96133
INFO:neon.models.mlp:epoch: 417, training error: 0.96084
INFO:neon.models.mlp:epoch: 418, training error: 0.96034
INFO:neon.models.mlp:epoch: 419, training error: 0.95984
INFO:neon.models.mlp:epoch: 420, training error: 0.95934
INFO:neon.models.mlp:epoch: 421, training error: 0.95884
INFO:neon.models.mlp:epoch: 422, training error: 0.95834
INFO:neon.models.mlp:epoch: 423, training error: 0.95784
INFO:neon.models.mlp:epoch: 424, training error: 0.95734
INFO:neon.models.mlp:epoch: 425, training error: 0.95684
INFO:neon.models.mlp:epoch: 426, training error: 0.95634
INFO:neon.models.mlp:epoch: 427, training error: 0.95584
INFO:neon.models.mlp:epoch: 428, training error: 0.95534
INFO:neon.models.mlp:epoch: 429, training error: 0.95483
INFO:neon.models.mlp:epoch: 430, training error: 0.95433
INFO:neon.models.mlp:epoch: 431, training error: 0.95382
INFO:neon.models.mlp:epoch: 432, training error: 0.95332
INFO:neon.models.mlp:epoch: 433, training error: 0.95281
INFO:neon.models.mlp:epoch: 434, training error: 0.95231
INFO:neon.models.mlp:epoch: 435, training error: 0.95180
INFO:neon.models.mlp:epoch: 436, training error: 0.95129
INFO:neon.models.mlp:epoch: 437, training error: 0.95078
INFO:neon.models.mlp:epoch: 438, training error: 0.95027
INFO:neon.models.mlp:epoch: 439, training error: 0.94976
INFO:neon.models.mlp:epoch: 440, training error: 0.94925
INFO:neon.models.mlp:epoch: 441, training error: 0.94874
INFO:neon.models.mlp:epoch: 442, training error: 0.94822
INFO:neon.models.mlp:epoch: 443, training error: 0.94771
INFO:neon.models.mlp:epoch: 444, training error: 0.94720
INFO:neon.models.mlp:epoch: 445, training error: 0.94668
INFO:neon.models.mlp:epoch: 446, training error: 0.94616
INFO:neon.models.mlp:epoch: 447, training error: 0.94565
INFO:neon.models.mlp:epoch: 448, training error: 0.94513
INFO:neon.models.mlp:epoch: 449, training error: 0.94461
INFO:neon.models.mlp:epoch: 450, training error: 0.94409
INFO:neon.models.mlp:epoch: 451, training error: 0.94357
INFO:neon.models.mlp:epoch: 452, training error: 0.94305
INFO:neon.models.mlp:epoch: 453, training error: 0.94253
INFO:neon.models.mlp:epoch: 454, training error: 0.94200
INFO:neon.models.mlp:epoch: 455, training error: 0.94148
INFO:neon.models.mlp:epoch: 456, training error: 0.94095
INFO:neon.models.mlp:epoch: 457, training error: 0.94042
INFO:neon.models.mlp:epoch: 458, training error: 0.93990
INFO:neon.models.mlp:epoch: 459, training error: 0.93937
INFO:neon.models.mlp:epoch: 460, training error: 0.93884
INFO:neon.models.mlp:epoch: 461, training error: 0.93831
INFO:neon.models.mlp:epoch: 462, training error: 0.93778
INFO:neon.models.mlp:epoch: 463, training error: 0.93724
INFO:neon.models.mlp:epoch: 464, training error: 0.93671
INFO:neon.models.mlp:epoch: 465, training error: 0.93617
INFO:neon.models.mlp:epoch: 466, training error: 0.93564
INFO:neon.models.mlp:epoch: 467, training error: 0.93510
INFO:neon.models.mlp:epoch: 468, training error: 0.93456
INFO:neon.models.mlp:epoch: 469, training error: 0.93402
INFO:neon.models.mlp:epoch: 470, training error: 0.93348
INFO:neon.models.mlp:epoch: 471, training error: 0.93294
INFO:neon.models.mlp:epoch: 472, training error: 0.93240
INFO:neon.models.mlp:epoch: 473, training error: 0.93185
INFO:neon.models.mlp:epoch: 474, training error: 0.93131
INFO:neon.models.mlp:epoch: 475, training error: 0.93076
INFO:neon.models.mlp:epoch: 476, training error: 0.93021
INFO:neon.models.mlp:epoch: 477, training error: 0.92966
INFO:neon.models.mlp:epoch: 478, training error: 0.92911
INFO:neon.models.mlp:epoch: 479, training error: 0.92856
INFO:neon.models.mlp:epoch: 480, training error: 0.92801
INFO:neon.models.mlp:epoch: 481, training error: 0.92746
INFO:neon.models.mlp:epoch: 482, training error: 0.92690
INFO:neon.models.mlp:epoch: 483, training error: 0.92634
INFO:neon.models.mlp:epoch: 484, training error: 0.92579
INFO:neon.models.mlp:epoch: 485, training error: 0.92523
INFO:neon.models.mlp:epoch: 486, training error: 0.92467
INFO:neon.models.mlp:epoch: 487, training error: 0.92410
INFO:neon.models.mlp:epoch: 488, training error: 0.92354
INFO:neon.models.mlp:epoch: 489, training error: 0.92298
INFO:neon.models.mlp:epoch: 490, training error: 0.92241
INFO:neon.models.mlp:epoch: 491, training error: 0.92184
INFO:neon.models.mlp:epoch: 492, training error: 0.92127
INFO:neon.models.mlp:epoch: 493, training error: 0.92071
INFO:neon.models.mlp:epoch: 494, training error: 0.92013
INFO:neon.models.mlp:epoch: 495, training error: 0.91956
INFO:neon.models.mlp:epoch: 496, training error: 0.91899
INFO:neon.models.mlp:epoch: 497, training error: 0.91841
INFO:neon.models.mlp:epoch: 498, training error: 0.91783
INFO:neon.models.mlp:epoch: 499, training error: 0.91726
INFO:neon.models.mlp:epoch: 500, training error: 0.91668
INFO:neon.models.mlp:epoch: 501, training error: 0.91609
INFO:neon.models.mlp:epoch: 502, training error: 0.91551
INFO:neon.models.mlp:epoch: 503, training error: 0.91493
INFO:neon.models.mlp:epoch: 504, training error: 0.91434
INFO:neon.models.mlp:epoch: 505, training error: 0.91376
INFO:neon.models.mlp:epoch: 506, training error: 0.91317
INFO:neon.models.mlp:epoch: 507, training error: 0.91258
INFO:neon.models.mlp:epoch: 508, training error: 0.91198
INFO:neon.models.mlp:epoch: 509, training error: 0.91139
INFO:neon.models.mlp:epoch: 510, training error: 0.91080
INFO:neon.models.mlp:epoch: 511, training error: 0.91020
INFO:neon.models.mlp:epoch: 512, training error: 0.90960
INFO:neon.models.mlp:epoch: 513, training error: 0.90901
INFO:neon.models.mlp:epoch: 514, training error: 0.90840
INFO:neon.models.mlp:epoch: 515, training error: 0.90780
INFO:neon.models.mlp:epoch: 516, training error: 0.90720
INFO:neon.models.mlp:epoch: 517, training error: 0.90659
INFO:neon.models.mlp:epoch: 518, training error: 0.90599
INFO:neon.models.mlp:epoch: 519, training error: 0.90538
INFO:neon.models.mlp:epoch: 520, training error: 0.90477
INFO:neon.models.mlp:epoch: 521, training error: 0.90416
INFO:neon.models.mlp:epoch: 522, training error: 0.90354
INFO:neon.models.mlp:epoch: 523, training error: 0.90293
INFO:neon.models.mlp:epoch: 524, training error: 0.90231
INFO:neon.models.mlp:epoch: 525, training error: 0.90170
INFO:neon.models.mlp:epoch: 526, training error: 0.90108
INFO:neon.models.mlp:epoch: 527, training error: 0.90046
INFO:neon.models.mlp:epoch: 528, training error: 0.89983
INFO:neon.models.mlp:epoch: 529, training error: 0.89921
INFO:neon.models.mlp:epoch: 530, training error: 0.89858
INFO:neon.models.mlp:epoch: 531, training error: 0.89796
INFO:neon.models.mlp:epoch: 532, training error: 0.89733
INFO:neon.models.mlp:epoch: 533, training error: 0.89670
INFO:neon.models.mlp:epoch: 534, training error: 0.89607
INFO:neon.models.mlp:epoch: 535, training error: 0.89543
INFO:neon.models.mlp:epoch: 536, training error: 0.89480
INFO:neon.models.mlp:epoch: 537, training error: 0.89416
INFO:neon.models.mlp:epoch: 538, training error: 0.89352
INFO:neon.models.mlp:epoch: 539, training error: 0.89288
INFO:neon.models.mlp:epoch: 540, training error: 0.89224
INFO:neon.models.mlp:epoch: 541, training error: 0.89160
INFO:neon.models.mlp:epoch: 542, training error: 0.89095
INFO:neon.models.mlp:epoch: 543, training error: 0.89031
INFO:neon.models.mlp:epoch: 544, training error: 0.88966
INFO:neon.models.mlp:epoch: 545, training error: 0.88901
INFO:neon.models.mlp:epoch: 546, training error: 0.88836
INFO:neon.models.mlp:epoch: 547, training error: 0.88770
INFO:neon.models.mlp:epoch: 548, training error: 0.88705
INFO:neon.models.mlp:epoch: 549, training error: 0.88639
INFO:neon.models.mlp:epoch: 550, training error: 0.88573
INFO:neon.experiments.fit_predict_err:test set MisclassPercentage_TOP_1 0.00000
INFO:neon.experiments.fit_predict_err:train set MisclassPercentage_TOP_1 5.55556
INFO:neon.experiments.fit_predict_err:validation set MisclassPercentage_TOP_1 6.66667
Got result 6.666667

Job file reloaded.
Completed successfully in 0.35 seconds. [6.666667]
setting job 1 complete
set...
